Change Component Designator: OldDesignator=C3 NewDesignator=C1
Change Component Designator: OldDesignator=C4 NewDesignator=C2
Change Component Designator: OldDesignator=C5 NewDesignator=C3
Change Component Designator: OldDesignator=C6 NewDesignator=C4
Change Component Designator: OldDesignator=M2 NewDesignator=M1
Change Component Designator: OldDesignator=U2 NewDesignator=U1
Add component (AddParameter): Name = "Value"; Value = "33pF"; VariantName = "[No Variations]"
Added Component: Designator=Cx1(CN-SMD-1206)
Add component. Clean all parameters for all variants
Add component (AddParameter): Name = "Value"; Value = "33pF"; VariantName = "[No Variations]"
Add component (AddParameter): Name = "Value"; Value = "33pF"; VariantName = "[No Variations]"
Added Component: Designator=Cx2(CN-SMD-1206)
Add component. Clean all parameters for all variants
Add component (AddParameter): Name = "Value"; Value = "33pF"; VariantName = "[No Variations]"
Added Pin To Net: NetName=GND Pin=Cx1-1
Added Pin To Net: NetName=VCC Pin=Cx1-2
Added Pin To Net: NetName=GND Pin=Cx2-1
Added Pin To Net: NetName=3V3 Pin=Cx2-2
Change Net Name : Old Net Name=NetC5_2 New Net Name=NetC3_2
Change Net Name : Old Net Name=NetC6_1 New Net Name=NetC4_1
Change Net Name : Old Net Name=NetC6_2 New Net Name=NetC4_2
Change Net Name : Old Net Name=NetC6_3 New Net Name=NetC4_3
Change Net Name : Old Net Name=NetC6_4 New Net Name=NetC4_4
Change Net Name : Old Net Name=NetC6_5 New Net Name=NetC4_5
Change Net Name : Old Net Name=NetC6_6 New Net Name=NetC4_6
Change Net Name : Old Net Name=NetC6_7 New Net Name=NetC4_7
Added Member To Class: ClassName=rx Member=Component Cx1 XXpF
Added Member To Class: ClassName=rx Member=Component Cx2 XXpF
Added Room: Name=rx
